app/build/intermediates/manifest_merge_blame_file/debug/manifest-merger-blame-debug-report.txt
1<?xml version="1.0" encoding="utf-8"?>
2<manifest xmlns:android="http://schemas.android.com/apk/res/android"
3    package="com.invite.kff"
4    android:versionCode="1"
5    android:versionName="1.0" >
6
7    <uses-sdk
8        android:minSdkVersion="19"
8-->src\main\AndroidManifest.xml
9        android:targetSdkVersion="29" />
9-->src\main\AndroidManifest.xml
10
11    <uses-permission android:name="android.permission.INTERNET" />
11-->src\main\AndroidManifest.xml:4:1-62
11-->src\main\AndroidManifest.xml:4:18-60
12    <uses-permission android:name="android.permission.ACCESS_NETWORK_STATE" /> <!-- This permission is required to start foreground services in Android P. -->
12-->[com.pierfrancescosoffritti.androidyoutubeplayer:core:10.0.5] AndroidManifest.xml:12:5-79
12-->[com.pierfrancescosoffritti.androidyoutubeplayer:core:10.0.5] AndroidManifest.xml:12:22-76
13    <uses-permission android:name="android.permission.FOREGROUND_SERVICE" />
13-->[com.google.android.gms:play-services-cast-framework:16.1.2] AndroidManifest.xml:7:5-77
13-->[com.google.android.gms:play-services-cast-framework:16.1.2] AndroidManifest.xml:7:22-74
14    <uses-permission android:name="android.permission.WAKE_LOCK" /> <!-- Required by older versions of Google Play services to create IID tokens -->
14-->[com.google.firebase:firebase-iid:17.0.4] AndroidManifest.xml:24:5-68
14-->[com.google.firebase:firebase-iid:17.0.4] AndroidManifest.xml:24:22-65
15    <uses-permission android:name="com.google.android.c2dm.permission.RECEIVE" />
15-->[com.google.firebase:firebase-iid:17.0.4] AndroidManifest.xml:26:5-82
15-->[com.google.firebase:firebase-iid:17.0.4] AndroidManifest.xml:26:22-79
16    <uses-permission android:name="com.google.android.finsky.permission.BIND_GET_INSTALL_REFERRER_SERVICE" />
16-->[com.google.android.gms:play-services-measurement:17.0.0] AndroidManifest.xml:26:5-110
16-->[com.google.android.gms:play-services-measurement:17.0.0] AndroidManifest.xml:26:22-107
17
18    <application
18-->src\main\AndroidManifest.xml:5:5-36:19
19        android:name="androidx.multidex.MultiDexApplication"
20        android:allowBackup="true"
20-->src\main\AndroidManifest.xml:6:9-35
21        android:appComponentFactory="androidx.core.app.CoreComponentFactory"
21-->[androidx.core:core:1.1.0] AndroidManifest.xml:24:18-86
22        android:debuggable="true"
23        android:icon="@drawable/glamourlive"
23-->src\main\AndroidManifest.xml:7:9-45
24        android:label="@string/app_name"
24-->src\main\AndroidManifest.xml:8:9-41
25        android:roundIcon="@drawable/glamourlive"
25-->src\main\AndroidManifest.xml:9:9-50
26        android:supportsRtl="true"
26-->src\main\AndroidManifest.xml:10:9-35
27        android:theme="@style/AppTheme" >
27-->src\main\AndroidManifest.xml:11:9-40
28        <activity android:name="com.invite.kff.chatActivity" />
28-->src\main\AndroidManifest.xml:12:9-59
28-->src\main\AndroidManifest.xml:12:19-47
29        <activity android:name="com.invite.kff.notActivity" />
29-->src\main\AndroidManifest.xml:13:9-49
29-->src\main\AndroidManifest.xml:13:19-46
30        <activity
30-->src\main\AndroidManifest.xml:14:9-16:52
31            android:name="com.invite.kff.videoActivity"
31-->src\main\AndroidManifest.xml:14:19-48
32            android:configChanges="orientation"
32-->src\main\AndroidManifest.xml:15:13-48
33            android:screenOrientation="landscape" />
33-->src\main\AndroidManifest.xml:16:13-50
34        <activity android:name="com.invite.kff.homeActivity" />
34-->src\main\AndroidManifest.xml:17:9-50
34-->src\main\AndroidManifest.xml:17:19-47
35        <activity android:name="com.invite.kff.MainActivity" >
35-->src\main\AndroidManifest.xml:18:9-24:20
35-->src\main\AndroidManifest.xml:18:19-47
36            <intent-filter>
36-->src\main\AndroidManifest.xml:19:13-23:29
37                <action android:name="android.intent.action.MAIN" />
37-->src\main\AndroidManifest.xml:20:17-69
37-->src\main\AndroidManifest.xml:20:25-66
38
39                <category android:name="android.intent.category.LAUNCHER" />
39-->src\main\AndroidManifest.xml:22:17-77
39-->src\main\AndroidManifest.xml:22:27-74
40            </intent-filter>
41        </activity>
42
43        <service android:name="com.invite.kff.MyserFire" >
43-->src\main\AndroidManifest.xml:25:9-29:19
43-->src\main\AndroidManifest.xml:25:18-43
44            <intent-filter>
44-->src\main\AndroidManifest.xml:26:13-28:29
45                <action android:name="com.google.firebase.MESSAGING_EVENT" />
45-->src\main\AndroidManifest.xml:27:17-78
45-->src\main\AndroidManifest.xml:27:25-75
46            </intent-filter>
47        </service>
48
49        <meta-data
49-->src\main\AndroidManifest.xml:30:9-32:70
50            android:name="com.google.android.gms.ads.APPLICATION_ID"
50-->src\main\AndroidManifest.xml:31:13-69
51            android:value="ca-app-pub-9225575939386535~1219754205" />
51-->src\main\AndroidManifest.xml:32:13-67
52        <meta-data
52-->src\main\AndroidManifest.xml:33:9-35:57
53            android:name="preloaded_fonts"
53-->src\main\AndroidManifest.xml:34:13-43
54            android:resource="@array/preloaded_fonts" />
54-->src\main\AndroidManifest.xml:35:13-54
55
56        <receiver
56-->[com.google.android.gms:play-services-cast-framework:16.1.2] AndroidManifest.xml:10:9-12:40
57            android:name="com.google.android.gms.cast.framework.media.MediaIntentReceiver"
57-->[com.google.android.gms:play-services-cast-framework:16.1.2] AndroidManifest.xml:11:13-91
58            android:exported="false" />
58-->[com.google.android.gms:play-services-cast-framework:16.1.2] AndroidManifest.xml:12:13-37
59
60        <service
60-->[com.google.android.gms:play-services-cast-framework:16.1.2] AndroidManifest.xml:14:9-16:40
61            android:name="com.google.android.gms.cast.framework.media.MediaNotificationService"
61-->[com.google.android.gms:play-services-cast-framework:16.1.2] AndroidManifest.xml:15:13-96
62            android:exported="false" />
62-->[com.google.android.gms:play-services-cast-framework:16.1.2] AndroidManifest.xml:16:13-37
63        <service
63-->[com.google.android.gms:play-services-cast-framework:16.1.2] AndroidManifest.xml:17:9-19:40
64            android:name="com.google.android.gms.cast.framework.ReconnectionService"
64-->[com.google.android.gms:play-services-cast-framework:16.1.2] AndroidManifest.xml:18:13-85
65            android:exported="false" />
65-->[com.google.android.gms:play-services-cast-framework:16.1.2] AndroidManifest.xml:19:13-37
66        <!--
67             FirebaseMessagingService performs security checks at runtime,
68             no need for explicit permissions despite exported="true"
69        -->
70        <service
70-->[com.google.firebase:firebase-messaging:17.3.4] AndroidManifest.xml:28:9-34:19
71            android:name="com.google.firebase.messaging.FirebaseMessagingService"
71-->[com.google.firebase:firebase-messaging:17.3.4] AndroidManifest.xml:29:13-82
72            android:exported="true" >
72-->[com.google.firebase:firebase-messaging:17.3.4] AndroidManifest.xml:30:13-36
73            <intent-filter android:priority="-500" >
73-->src\main\AndroidManifest.xml:26:13-28:29
74                <action android:name="com.google.firebase.MESSAGING_EVENT" />
74-->src\main\AndroidManifest.xml:27:17-78
74-->src\main\AndroidManifest.xml:27:25-75
75            </intent-filter>
76        </service>
77        <service
77-->[com.google.firebase:firebase-iid:17.0.4] AndroidManifest.xml:29:9-35:19
78            android:name="com.google.firebase.components.ComponentDiscoveryService"
78-->[com.google.firebase:firebase-iid:17.0.4] AndroidManifest.xml:30:13-84
79            android:exported="false" >
79-->[com.google.firebase:firebase-iid:17.0.4] AndroidManifest.xml:31:13-37
80            <meta-data
80-->[com.google.firebase:firebase-iid:17.0.4] AndroidManifest.xml:32:13-34:85
81                android:name="com.google.firebase.components:com.google.firebase.iid.Registrar"
81-->[com.google.firebase:firebase-iid:17.0.4] AndroidManifest.xml:33:17-96
82                android:value="com.google.firebase.components.ComponentRegistrar" />
82-->[com.google.firebase:firebase-iid:17.0.4] AndroidManifest.xml:34:17-82
83        </service>
84
85        <receiver
85-->[com.google.firebase:firebase-iid:17.0.4] AndroidManifest.xml:37:9-44:20
86            android:name="com.google.firebase.iid.FirebaseInstanceIdReceiver"
86-->[com.google.firebase:firebase-iid:17.0.4] AndroidManifest.xml:38:13-78
87            android:exported="true"
87-->[com.google.firebase:firebase-iid:17.0.4] AndroidManifest.xml:39:13-36
88            android:permission="com.google.android.c2dm.permission.SEND" >
88-->[com.google.firebase:firebase-iid:17.0.4] AndroidManifest.xml:40:13-73
89            <intent-filter>
89-->[com.google.firebase:firebase-iid:17.0.4] AndroidManifest.xml:41:13-43:29
90                <action android:name="com.google.android.c2dm.intent.RECEIVE" />
90-->[com.google.firebase:firebase-iid:17.0.4] AndroidManifest.xml:42:17-81
90-->[com.google.firebase:firebase-iid:17.0.4] AndroidManifest.xml:42:25-78
91            </intent-filter>
92        </receiver>
93        <!--
94             FirebaseInstanceIdService performs security checks at runtime,
95             no need for explicit permissions despite exported="true"
96        -->
97        <service
97-->[com.google.firebase:firebase-iid:17.0.4] AndroidManifest.xml:50:9-56:19
98            android:name="com.google.firebase.iid.FirebaseInstanceIdService"
98-->[com.google.firebase:firebase-iid:17.0.4] AndroidManifest.xml:51:13-77
99            android:exported="true" >
99-->[com.google.firebase:firebase-iid:17.0.4] AndroidManifest.xml:52:13-36
100            <intent-filter android:priority="-500" >
100-->[com.google.firebase:firebase-iid:17.0.4] AndroidManifest.xml:53:13-55:29
100-->[com.google.firebase:firebase-iid:17.0.4] AndroidManifest.xml:53:28-51
101                <action android:name="com.google.firebase.INSTANCE_ID_EVENT" />
101-->[com.google.firebase:firebase-iid:17.0.4] AndroidManifest.xml:54:17-80
101-->[com.google.firebase:firebase-iid:17.0.4] AndroidManifest.xml:54:25-77
102            </intent-filter>
103        </service>
104
105        <provider
105-->[com.google.firebase:firebase-common:16.0.3] AndroidManifest.xml:10:9-14:39
106            android:name="com.google.firebase.provider.FirebaseInitProvider"
106-->[com.google.firebase:firebase-common:16.0.3] AndroidManifest.xml:11:13-77
107            android:authorities="com.invite.kff.firebaseinitprovider"
107-->[com.google.firebase:firebase-common:16.0.3] AndroidManifest.xml:12:13-72
108            android:exported="false"
108-->[com.google.firebase:firebase-common:16.0.3] AndroidManifest.xml:13:13-37
109            android:initOrder="100" />
109-->[com.google.firebase:firebase-common:16.0.3] AndroidManifest.xml:14:13-36
110
111        <activity
111-->[com.google.android.gms:play-services-base:16.0.1] AndroidManifest.xml:23:9-26:75
112            android:name="com.google.android.gms.common.api.GoogleApiActivity"
112-->[com.google.android.gms:play-services-base:16.0.1] AndroidManifest.xml:24:13-79
113            android:exported="false"
113-->[com.google.android.gms:play-services-base:16.0.1] AndroidManifest.xml:25:13-37
114            android:theme="@android:style/Theme.Translucent.NoTitleBar" /> <!-- Include the AdActivity and InAppPurchaseActivity configChanges and themes. -->
114-->[com.google.android.gms:play-services-base:16.0.1] AndroidManifest.xml:26:13-72
115        <activity
115-->[com.google.android.gms:play-services-ads-lite:18.1.0] AndroidManifest.xml:29:9-33:64
116            android:name="com.google.android.gms.ads.AdActivity"
116-->[com.google.android.gms:play-services-ads-lite:18.1.0] AndroidManifest.xml:30:13-65
117            android:configChanges="keyboard|keyboardHidden|orientation|screenLayout|uiMode|screenSize|smallestScreenSize"
117-->[com.google.android.gms:play-services-ads-lite:18.1.0] AndroidManifest.xml:31:13-122
118            android:exported="false"
118-->[com.google.android.gms:play-services-ads-lite:18.1.0] AndroidManifest.xml:32:13-37
119            android:theme="@android:style/Theme.Translucent" />
119-->[com.google.android.gms:play-services-ads-lite:18.1.0] AndroidManifest.xml:33:13-61
120
121        <provider
121-->[com.google.android.gms:play-services-ads-lite:18.1.0] AndroidManifest.xml:35:9-39:39
122            android:name="com.google.android.gms.ads.MobileAdsInitProvider"
122-->[com.google.android.gms:play-services-ads-lite:18.1.0] AndroidManifest.xml:36:13-76
123            android:authorities="com.invite.kff.mobileadsinitprovider"
123-->[com.google.android.gms:play-services-ads-lite:18.1.0] AndroidManifest.xml:37:13-73
124            android:exported="false"
124-->[com.google.android.gms:play-services-ads-lite:18.1.0] AndroidManifest.xml:38:13-37
125            android:initOrder="100" />
125-->[com.google.android.gms:play-services-ads-lite:18.1.0] AndroidManifest.xml:39:13-36
126
127        <receiver
127-->[com.google.android.gms:play-services-measurement:17.0.0] AndroidManifest.xml:29:9-33:20
128            android:name="com.google.android.gms.measurement.AppMeasurementReceiver"
128-->[com.google.android.gms:play-services-measurement:17.0.0] AndroidManifest.xml:30:13-85
129            android:enabled="true"
129-->[com.google.android.gms:play-services-measurement:17.0.0] AndroidManifest.xml:31:13-35
130            android:exported="false" >
130-->[com.google.android.gms:play-services-measurement:17.0.0] AndroidManifest.xml:32:13-37
131        </receiver>
132        <receiver
132-->[com.google.android.gms:play-services-measurement:17.0.0] AndroidManifest.xml:34:9-42:20
133            android:name="com.google.android.gms.measurement.AppMeasurementInstallReferrerReceiver"
133-->[com.google.android.gms:play-services-measurement:17.0.0] AndroidManifest.xml:35:13-100
134            android:enabled="true"
134-->[com.google.android.gms:play-services-measurement:17.0.0] AndroidManifest.xml:36:13-35
135            android:exported="true"
135-->[com.google.android.gms:play-services-measurement:17.0.0] AndroidManifest.xml:37:13-36
136            android:permission="android.permission.INSTALL_PACKAGES" >
136-->[com.google.android.gms:play-services-measurement:17.0.0] AndroidManifest.xml:38:13-69
137            <intent-filter>
137-->[com.google.android.gms:play-services-measurement:17.0.0] AndroidManifest.xml:39:13-41:29
138                <action android:name="com.android.vending.INSTALL_REFERRER" />
138-->[com.google.android.gms:play-services-measurement:17.0.0] AndroidManifest.xml:40:17-79
138-->[com.google.android.gms:play-services-measurement:17.0.0] AndroidManifest.xml:40:25-76
139            </intent-filter>
140        </receiver>
141
142        <service
142-->[com.google.android.gms:play-services-measurement:17.0.0] AndroidManifest.xml:44:9-47:40
143            android:name="com.google.android.gms.measurement.AppMeasurementService"
143-->[com.google.android.gms:play-services-measurement:17.0.0] AndroidManifest.xml:45:13-84
144            android:enabled="true"
144-->[com.google.android.gms:play-services-measurement:17.0.0] AndroidManifest.xml:46:13-35
145            android:exported="false" />
145-->[com.google.android.gms:play-services-measurement:17.0.0] AndroidManifest.xml:47:13-37
146        <service
146-->[com.google.android.gms:play-services-measurement:17.0.0] AndroidManifest.xml:48:9-52:72
147            android:name="com.google.android.gms.measurement.AppMeasurementJobService"
147-->[com.google.android.gms:play-services-measurement:17.0.0] AndroidManifest.xml:49:13-87
148            android:enabled="true"
148-->[com.google.android.gms:play-services-measurement:17.0.0] AndroidManifest.xml:50:13-35
149            android:exported="false"
149-->[com.google.android.gms:play-services-measurement:17.0.0] AndroidManifest.xml:51:13-37
150            android:permission="android.permission.BIND_JOB_SERVICE" />
150-->[com.google.android.gms:play-services-measurement:17.0.0] AndroidManifest.xml:52:13-69
151
152        <meta-data
152-->[com.google.android.gms:play-services-basement:17.0.0] AndroidManifest.xml:23:9-25:69
153            android:name="com.google.android.gms.version"
153-->[com.google.android.gms:play-services-basement:17.0.0] AndroidManifest.xml:24:13-58
154            android:value="@integer/google_play_services_version" />
154-->[com.google.android.gms:play-services-basement:17.0.0] AndroidManifest.xml:25:13-66
155    </application>
156
157</manifest>